<?xml version="1.0" encoding="UTF-8"?>
<!-- Generated by org.testng.reporters.JUnitReportReporter -->
<testsuite skipped="0" hostname="LAPTOP-I6K0391G" name="com.crm.comcast.contacttest.CreateContactTest" tests="2" failures="0" timestamp="28 Jan 2022 12:44:31 GMT" time="69.591" errors="0">
  <testcase name="createContactWithOrgTest" time="40.764" classname="com.crm.comcast.contacttest.CreateContactTest"/>
  <testcase name="CreateContactTest" time="28.827" classname="com.crm.comcast.contacttest.CreateContactTest"/>
</testsuite> <!-- com.crm.comcast.contacttest.CreateContactTest -->
